PRT1
64
122
4 0 6 (3072 1024 -94.762299 ) (3072 1024 917.067078 ) (3072 1470.390015 917.067078 ) (3072 1470.390015 -94.762299 ) 
4 0 5 (3072 1024 917.067078 ) (3072 1024 -94.762299 ) (3097.530029 1024 -94.762299 ) (3097.530029 1024 917.067078 ) 
4 0 4 (3097.530029 1024 -94.762299 ) (3103.760254 1024 -94.762299 ) (3103.760254 1024 917.067078 ) (3097.530029 1024 917.067078 ) 
4 0 2 (3097.530029 1454.599976 -94.762299 ) (3103.760254 1454.599976 -94.762299 ) (3103.760254 1024 -94.762299 ) (3097.530029 1024 -94.762299 ) 
4 0 1 (3097.530029 1470.390015 -94.762299 ) (3103.760254 1470.390015 -94.762299 ) (3103.760254 1454.599976 -94.762299 ) (3097.530029 1454.599976 -94.762299 ) 
4 1 3 (3097.530029 1470.390015 -146.855011 ) (3103.760254 1470.390015 -146.855011 ) (3103.760254 1454.599976 -146.855011 ) (3097.530029 1454.599976 -146.855011 ) 
4 1 2 (3103.760254 1454.599976 -132.394012 ) (3103.760254 1454.599976 -94.762299 ) (3097.530029 1454.599976 -94.762299 ) (3097.530029 1454.599976 -132.394012 ) 
4 2 4 (3103.760254 1024 -132.394012 ) (3103.760254 1024 -94.762299 ) (3097.530029 1024 -94.762299 ) (3097.530029 1024 -132.394012 ) 
4 3 7 (3072 1454.599976 -146.855011 ) (3072 1470.390015 -146.855011 ) (3072 1470.390015 -745.977722 ) (3072 1454.599976 -745.977722 ) 
4 4 12 (3103.760254 0 917.067078 ) (3097.530029 0 917.067078 ) (3097.530029 0 -132.394012 ) (3103.760254 0 -132.394012 ) 
4 4 5 (3097.530029 0 -94.762299 ) (3097.530029 0 917.067078 ) (3097.530029 1024 917.067078 ) (3097.530029 1024 -94.762299 ) 
4 5 13 (3097.530029 0 917.067078 ) (3072 0 917.067078 ) (3072 0 -94.762299 ) (3097.530029 0 -94.762299 ) 
4 5 10 (3072 0 -94.762299 ) (3072 0 917.067078 ) (3072 1024 917.067078 ) (3072 1024 -94.762299 ) 
4 6 10 (3072 1024 -94.762299 ) (3072 1024 917.067078 ) (2048 1024 917.067078 ) (2048 1024 -94.762299 ) 
4 6 8 (2048 1024 -94.762299 ) (2048 1024 917.067078 ) (2048 1470.390015 917.067078 ) (2048 1470.390015 -94.762299 ) 
4 7 9 (2048 1470.390015 -745.977722 ) (2048 1454.599976 -745.977722 ) (2048 1454.599976 -146.855011 ) (2048 1470.390015 -146.855011 ) 
4 8 24 (1024 1024 -94.762299 ) (1024 1024 917.067078 ) (1024 1470.390015 917.067078 ) (1024 1470.390015 -94.762299 ) 
4 8 11 (1024 1024 917.067078 ) (1024 1024 -94.762299 ) (2048 1024 -94.762299 ) (2048 1024 917.067078 ) 
4 9 26 (1024 1454.599976 -146.855011 ) (1024 1470.390015 -146.855011 ) (1024 1470.390015 -745.977722 ) (1024 1454.599976 -745.977722 ) 
4 10 18 (3072 0 -94.762299 ) (3072 0 917.067078 ) (2048 0 917.067078 ) (2048 0 -94.762299 ) 
4 10 11 (2048 1024 917.067078 ) (2048 1024 -94.762299 ) (2048 0 -94.762299 ) (2048 0 917.067078 ) 
4 11 32 (1024 0 -94.762299 ) (1024 0 917.067078 ) (1024 1024 917.067078 ) (1024 1024 -94.762299 ) 
4 11 19 (2048 0 -94.762299 ) (2048 0 917.067078 ) (1024 0 917.067078 ) (1024 0 -94.762299 ) 
4 12 15 (3097.530029 -1024 -94.762299 ) (3097.530029 -1024 -132.394012 ) (3103.760254 -1024 -132.394012 ) (3103.760254 -1024 -94.762299 ) 
4 12 14 (3103.760254 -1024 917.067078 ) (3097.530029 -1024 917.067078 ) (3097.530029 -1024 -94.762299 ) (3103.760254 -1024 -94.762299 ) 
4 12 13 (3097.530029 -1024 -94.762299 ) (3097.530029 -1024 917.067078 ) (3097.530029 0 917.067078 ) (3097.530029 0 -94.762299 ) 
4 13 18 (3072 0 917.067078 ) (3072 0 -94.762299 ) (3072 -1024 -94.762299 ) (3072 -1024 917.067078 ) 
4 13 14 (3097.530029 -1024 917.067078 ) (3072 -1024 917.067078 ) (3072 -1024 -94.762299 ) (3097.530029 -1024 -94.762299 ) 
4 14 20 (3072 -1039.430054 917.067078 ) (3072 -1024 917.067078 ) (3072 -1024 -94.762299 ) (3072 -1039.430054 -94.762299 ) 
4 14 15 (3103.760254 -1039.430054 -94.762299 ) (3097.530029 -1039.430054 -94.762299 ) (3097.530029 -1024 -94.762299 ) (3103.760254 -1024 -94.762299 ) 
4 15 16 (3103.760254 -1039.430054 -132.394012 ) (3097.530029 -1039.430054 -132.394012 ) (3097.530029 -1032.340088 -132.394012 ) (3103.760254 -1032.340088 -132.394012 ) 
4 16 17 (3097.530029 -1032.340088 -745.977722 ) (3097.530029 -1039.430054 -745.977722 ) (3097.530029 -1039.430054 -146.855011 ) (3097.530029 -1032.340088 -146.855011 ) 
4 17 21 (3072 -1032.340088 -745.977722 ) (3072 -1039.430054 -745.977722 ) (3072 -1039.430054 -146.855011 ) (3072 -1032.340088 -146.855011 ) 
4 18 20 (3072 -1024 -94.762299 ) (3072 -1024 917.067078 ) (2048 -1024 917.067078 ) (2048 -1024 -94.762299 ) 
4 18 19 (2048 0 917.067078 ) (2048 0 -94.762299 ) (2048 -1024 -94.762299 ) (2048 -1024 917.067078 ) 
4 19 44 (1024 -1024 -94.762299 ) (1024 -1024 917.067078 ) (1024 0 917.067078 ) (1024 0 -94.762299 ) 
4 19 22 (2048 -1024 -94.762299 ) (2048 -1024 917.067078 ) (1024 -1024 917.067078 ) (1024 -1024 -94.762299 ) 
4 20 22 (2048 -1039.430054 917.067078 ) (2048 -1024 917.067078 ) (2048 -1024 -94.762299 ) (2048 -1039.430054 -94.762299 ) 
4 21 23 (2048 -1032.340088 -745.977722 ) (2048 -1039.430054 -745.977722 ) (2048 -1039.430054 -146.855011 ) (2048 -1032.340088 -146.855011 ) 
4 22 50 (1024 -1039.430054 917.067078 ) (1024 -1024 917.067078 ) (1024 -1024 -94.762299 ) (1024 -1039.430054 -94.762299 ) 
4 23 52 (1024 -1032.340088 -745.977722 ) (1024 -1039.430054 -745.977722 ) (1024 -1039.430054 -146.855011 ) (1024 -1032.340088 -146.855011 ) 
4 24 32 (1024 1024 -94.762299 ) (1024 1024 917.067078 ) (833.229004 1024 917.067078 ) (833.229004 1024 -94.762299 ) 
4 24 25 (841.455017 1024 -94.762299 ) (833.229004 1024 -94.762299 ) (833.229004 1470.390015 -94.762299 ) (841.455017 1470.390015 -94.762299 ) 
4 24 28 (833.229004 1024 917.067078 ) (833.229004 1470.390015 917.067078 ) (833.229004 1470.390015 -94.762299 ) (833.229004 1024 -94.762299 ) 
4 25 33 (841.455017 1024 -94.762299 ) (833.229004 1024 -94.762299 ) (833.229004 1024 -132.394012 ) (841.455017 1024 -132.394012 ) 
4 25 27 (833.229004 1454.599976 -132.394012 ) (833.229004 1470.390015 -132.394012 ) (841.455017 1470.390015 -132.394012 ) (841.455017 1454.599976 -132.394012 ) 
4 25 28 (833.229004 1470.390015 -94.762299 ) (833.229004 1470.390015 -132.394012 ) (833.229004 1024 -132.394012 ) (833.229004 1024 -94.762299 ) 
4 26 27 (841.455017 1470.390015 -146.855011 ) (841.455017 1470.390015 -745.977722 ) (841.455017 1454.599976 -745.977722 ) (841.455017 1454.599976 -146.855011 ) 
4 27 28 (833.229004 1470.390015 -132.394012 ) (833.229004 1470.390015 -745.977722 ) (833.229004 1454.599976 -745.977722 ) (833.229004 1454.599976 -132.394012 ) 
4 28 34 (0 1024 -132.394012 ) (0 1024 -745.977722 ) (833.229004 1024 -745.977722 ) (833.229004 1024 -132.394012 ) 
4 28 33 (0 1024 -94.762299 ) (0 1024 -132.394012 ) (833.229004 1024 -132.394012 ) (833.229004 1024 -94.762299 ) 
4 28 32 (833.229004 1024 917.067078 ) (0 1024 917.067078 ) (0 1024 -94.762299 ) (833.229004 1024 -94.762299 ) 
4 28 31 (0 1470.390015 -745.977722 ) (0 1024 -745.977722 ) (0 1024 -146.855011 ) (0 1470.390015 -146.855011 ) 
4 28 30 (0 1024 -146.855011 ) (0 1024 -94.762299 ) (0 1470.390015 -94.762299 ) (0 1470.390015 -146.855011 ) 
4 28 29 (0 1024 -94.762299 ) (0 1024 917.067078 ) (0 1470.390015 917.067078 ) (0 1470.390015 -94.762299 ) 
4 29 38 (-1024 1024 -94.762299 ) (-1024 1024 917.067078 ) (-1024 1470.390015 917.067078 ) (-1024 1470.390015 -94.762299 ) 
4 29 36 (-1024 1024 917.067078 ) (-1024 1024 -94.762299 ) (-794 1024 -94.762299 ) (-794 1024 917.067078 ) 
4 29 35 (-794 1024 -94.762299 ) (0 1024 -94.762299 ) (0 1024 917.067078 ) (-794 1024 917.067078 ) 
4 29 30 (0 1024 -94.762299 ) (-794 1024 -94.762299 ) (-794 1470.390015 -94.762299 ) (0 1470.390015 -94.762299 ) 
4 30 35 (-794 1024 -146.855011 ) (0 1024 -146.855011 ) (0 1024 -94.762299 ) (-794 1024 -94.762299 ) 
4 30 31 (-793.036011 1470.390015 -146.855011 ) (0 1470.390015 -146.855011 ) (0 1024 -146.855011 ) (-793.036011 1024 -146.855011 ) 
4 31 37 (-793.036011 1024 -745.977722 ) (0 1024 -745.977722 ) (0 1024 -146.855011 ) (-793.036011 1024 -146.855011 ) 
4 32 44 (1024 0 -94.762299 ) (1024 0 917.067078 ) (0 0 917.067078 ) (0 0 -94.762299 ) 
4 32 35 (0 1024 917.067078 ) (0 1024 -94.762299 ) (0 0 -94.762299 ) (0 0 917.067078 ) 
4 32 33 (841.455017 0 -94.762299 ) (0 0 -94.762299 ) (0 1024 -94.762299 ) (841.455017 1024 -94.762299 ) 
4 33 45 (841.455017 0 -94.762299 ) (0 0 -94.762299 ) (0 0 -132.394012 ) (841.455017 0 -132.394012 ) 
4 33 35 (0 1024 -94.762299 ) (0 1024 -132.394012 ) (0 0 -132.394012 ) (0 0 -94.762299 ) 
4 33 34 (0 1024 -132.394012 ) (833.229004 1024 -132.394012 ) (833.229004 0 -132.394012 ) (0 0 -132.394012 ) 
4 34 46 (833.229004 0 -132.394012 ) (0 0 -132.394012 ) (0 0 -745.977722 ) (833.229004 0 -745.977722 ) 
4 34 37 (0 1024 -146.855011 ) (0 1024 -745.977722 ) (0 0 -745.977722 ) (0 0 -146.855011 ) 
4 34 35 (0 1024 -132.394012 ) (0 1024 -146.855011 ) (0 0 -146.855011 ) (0 0 -132.394012 ) 
4 35 47 (0 0 -146.855011 ) (0 0 917.067078 ) (-794 0 917.067078 ) (-794 0 -146.855011 ) 
4 35 37 (-793.036011 1024 -146.855011 ) (0 1024 -146.855011 ) (0 0 -146.855011 ) (-793.036011 0 -146.855011 ) 
4 35 36 (-794 0 -94.762299 ) (-794 0 917.067078 ) (-794 1024 917.067078 ) (-794 1024 -94.762299 ) 
4 36 48 (-794 0 917.067078 ) (-1024 0 917.067078 ) (-1024 0 -94.762299 ) (-794 0 -94.762299 ) 
4 36 39 (-1024 0 -94.762299 ) (-1024 0 917.067078 ) (-1024 1024 917.067078 ) (-1024 1024 -94.762299 ) 
4 37 49 (0 0 -745.977722 ) (0 0 -146.855011 ) (-793.036011 0 -146.855011 ) (-793.036011 0 -745.977722 ) 
4 38 40 (-2048 1024 -94.762299 ) (-2048 1024 917.067078 ) (-2048 1470.390015 917.067078 ) (-2048 1470.390015 -94.762299 ) 
4 38 39 (-1024 1024 -94.762299 ) (-1024 1024 917.067078 ) (-2048 1024 917.067078 ) (-2048 1024 -94.762299 ) 
4 39 58 (-1024 0 -94.762299 ) (-1024 0 917.067078 ) (-2048 0 917.067078 ) (-2048 0 -94.762299 ) 
4 39 42 (-2048 0 -94.762299 ) (-2048 0 917.067078 ) (-2048 1024 917.067078 ) (-2048 1024 -94.762299 ) 
4 40 42 (-2048 1024 -94.762299 ) (-2048 1024 917.067078 ) (-2442.260254 1024 917.067078 ) (-2442.260254 1024 -94.762299 ) 
4 40 41 (-2442.260254 1024 -94.762299 ) (-2442.260254 1024 917.067078 ) (-2442.260254 1470.390015 917.067078 ) (-2442.260254 1470.390015 -94.762299 ) 
4 41 43 (-2442.260254 1024 917.067078 ) (-2477.550293 1024 917.067078 ) (-2477.550293 1024 -146.855011 ) (-2442.260254 1024 -146.855011 ) 
4 42 59 (-2048 0 -94.762299 ) (-2048 0 917.067078 ) (-2442.260254 0 917.067078 ) (-2442.260254 0 -94.762299 ) 
4 42 43 (-2442.260254 0 -94.762299 ) (-2442.260254 0 917.067078 ) (-2442.260254 1024 917.067078 ) (-2442.260254 1024 -94.762299 ) 
4 43 60 (-2442.260254 0 917.067078 ) (-2477.550293 0 917.067078 ) (-2477.550293 0 -146.855011 ) (-2442.260254 0 -146.855011 ) 
4 44 50 (1024 -1024 -94.762299 ) (1024 -1024 917.067078 ) (833.229004 -1024 917.067078 ) (833.229004 -1024 -94.762299 ) 
4 44 54 (833.229004 -1024 917.067078 ) (0 -1024 917.067078 ) (0 -1024 -94.762299 ) (833.229004 -1024 -94.762299 ) 
4 44 47 (0 0 917.067078 ) (0 0 -94.762299 ) (0 -1024 -94.762299 ) (0 -1024 917.067078 ) 
4 44 45 (0 -1024 -94.762299 ) (0 0 -94.762299 ) (841.455017 0 -94.762299 ) (841.455017 -1024 -94.762299 ) 
4 45 51 (841.455017 -1024 -94.762299 ) (833.229004 -1024 -94.762299 ) (833.229004 -1024 -132.394012 ) (841.455017 -1024 -132.394012 ) 
4 45 54 (833.229004 -1024 -94.762299 ) (0 -1024 -94.762299 ) (0 -1024 -132.394012 ) (833.229004 -1024 -132.394012 ) 
4 45 47 (0 0 -94.762299 ) (0 0 -132.394012 ) (0 -1024 -132.394012 ) (0 -1024 -94.762299 ) 
4 45 46 (833.229004 -1024 -132.394012 ) (0 -1024 -132.394012 ) (0 0 -132.394012 ) (833.229004 0 -132.394012 ) 
4 46 54 (833.229004 -1024 -132.394012 ) (0 -1024 -132.394012 ) (0 -1024 -745.977722 ) (833.229004 -1024 -745.977722 ) 
4 46 49 (0 0 -146.855011 ) (0 0 -745.977722 ) (0 -1024 -745.977722 ) (0 -1024 -146.855011 ) 
4 46 47 (0 0 -132.394012 ) (0 0 -146.855011 ) (0 -1024 -146.855011 ) (0 -1024 -132.394012 ) 
4 47 55 (0 -1024 -146.855011 ) (0 -1024 917.067078 ) (-794 -1024 917.067078 ) (-794 -1024 -146.855011 ) 
4 47 49 (-793.036011 0 -146.855011 ) (0 0 -146.855011 ) (0 -1024 -146.855011 ) (-793.036011 -1024 -146.855011 ) 
4 47 48 (-794 -1024 -94.762299 ) (-794 -1024 917.067078 ) (-794 0 917.067078 ) (-794 0 -94.762299 ) 
4 48 58 (-1024 0 917.067078 ) (-1024 0 -94.762299 ) (-1024 -1024 -94.762299 ) (-1024 -1024 917.067078 ) 
4 48 56 (-794 -1024 917.067078 ) (-1024 -1024 917.067078 ) (-1024 -1024 -94.762299 ) (-794 -1024 -94.762299 ) 
4 49 57 (0 -1024 -745.977722 ) (0 -1024 -146.855011 ) (-793.036011 -1024 -146.855011 ) (-793.036011 -1024 -745.977722 ) 
4 50 51 (841.455017 -1039.430054 -94.762299 ) (833.229004 -1039.430054 -94.762299 ) (833.229004 -1024 -94.762299 ) (841.455017 -1024 -94.762299 ) 
4 50 54 (833.229004 -1039.430054 -94.762299 ) (833.229004 -1039.430054 917.067078 ) (833.229004 -1024 917.067078 ) (833.229004 -1024 -94.762299 ) 
4 51 53 (841.455017 -1039.430054 -132.394012 ) (833.229004 -1039.430054 -132.394012 ) (833.229004 -1032.340088 -132.394012 ) (841.455017 -1032.340088 -132.394012 ) 
4 51 54 (833.229004 -1039.430054 -132.394012 ) (833.229004 -1039.430054 -94.762299 ) (833.229004 -1024 -94.762299 ) (833.229004 -1024 -132.394012 ) 
4 52 53 (841.455017 -1032.340088 -745.977722 ) (841.455017 -1039.430054 -745.977722 ) (841.455017 -1039.430054 -146.855011 ) (841.455017 -1032.340088 -146.855011 ) 
4 53 54 (833.229004 -1032.340088 -745.977722 ) (833.229004 -1039.430054 -745.977722 ) (833.229004 -1039.430054 -132.394012 ) (833.229004 -1032.340088 -132.394012 ) 
4 54 57 (0 -1024 -146.855011 ) (0 -1024 -745.977722 ) (0 -1039.430054 -745.977722 ) (0 -1039.430054 -146.855011 ) 
4 54 55 (0 -1039.430054 917.067078 ) (0 -1024 917.067078 ) (0 -1024 -146.855011 ) (0 -1039.430054 -146.855011 ) 
4 55 57 (0 -1039.430054 -146.855011 ) (-793.036011 -1039.430054 -146.855011 ) (-793.036011 -1024 -146.855011 ) (0 -1024 -146.855011 ) 
4 55 56 (-794 -1039.430054 -94.762299 ) (-794 -1039.430054 917.067078 ) (-794 -1024 917.067078 ) (-794 -1024 -94.762299 ) 
4 56 61 (-1024 -1039.430054 -94.762299 ) (-1024 -1039.430054 917.067078 ) (-1024 -1024 917.067078 ) (-1024 -1024 -94.762299 ) 
4 58 61 (-1024 -1024 -94.762299 ) (-1024 -1024 917.067078 ) (-2048 -1024 917.067078 ) (-2048 -1024 -94.762299 ) 
4 58 59 (-2048 0 917.067078 ) (-2048 0 -94.762299 ) (-2048 -1024 -94.762299 ) (-2048 -1024 917.067078 ) 
4 59 62 (-2048 -1024 -94.762299 ) (-2048 -1024 917.067078 ) (-2442.260254 -1024 917.067078 ) (-2442.260254 -1024 -94.762299 ) 
4 59 60 (-2442.260254 -1024 -94.762299 ) (-2442.260254 -1024 917.067078 ) (-2442.260254 0 917.067078 ) (-2442.260254 0 -94.762299 ) 
4 60 63 (-2442.260254 -1024 917.067078 ) (-2477.550293 -1024 917.067078 ) (-2477.550293 -1024 -146.855011 ) (-2442.260254 -1024 -146.855011 ) 
4 61 62 (-2048 -1024 917.067078 ) (-2048 -1024 -94.762299 ) (-2048 -1039.430054 -94.762299 ) (-2048 -1039.430054 917.067078 ) 
4 62 63 (-2442.260254 -1039.430054 -94.762299 ) (-2442.260254 -1039.430054 917.067078 ) (-2442.260254 -1024 917.067078 ) (-2442.260254 -1024 -94.762299 ) 
