


materialPath: c:\program files (x86)\steam\steamapps\common\portal 2\portal2\materials
Loading C:\Users\Owner\Documents\Dropbox\Public\Game Related\Mapping\Portal 2\GeneralMessAroundMap\mp_Faithplatefuntime.vmf
ConVarRef gpu_level doesn't point to an existing ConVar
fixing up env_cubemap materials on brush sides...
0...1...2...3...4...5...6...7...8...9...100...1...2...3...4...5...6...7...8...9...10Processing areas...done (0)
Building Faces...done (0)
Chop Details...done (0)
Find Visible Detail Sides...done (0)
Merging details...done (0)
FixTjuncs...
PruneNodes...
WriteBSP...
done (0)
writing C:\Users\Owner\Documents\Dropbox\Public\Game Related\Mapping\Portal 2\GeneralMessAroundMap\mp_Faithplatefuntime.prt...Building visibility clusters...
done (0)
Finding displacement neighbors...
Finding lightmap sample positions...
Displacement Alpha : 0...1...2...3...4...5...6...7...8...9...10
Building Physics collision data...
done (0) (14483 bytes)
Placing detail props : 0...1...2...3...4...5...6...7...8...9...10
Compacting texture/material tables...
Reduced 98 texinfos to 46
Reduced 7 texdatas to 7 (170 bytes to 170)
Writing C:\Users\Owner\Documents\Dropbox\Public\Game Related\Mapping\Portal 2\GeneralMessAroundMap\mp_Faithplatefuntime.bsp
0 seconds elapsed



4 threads
reading c:\users\owner\documents\dropbox\public\game related\mapping\portal 2\generalmessaroundmap\mp_Faithplatefuntime.bsp
reading c:\users\owner\documents\dropbox\public\game related\mapping\portal 2\generalmessaroundmap\mp_Faithplatefuntime.prt
  72 portalclusters
 215 numportals
0...1...2...3...4...5...6...7...8...9...100...1...2...3...4...5...6...7...8...9...10Optimized: 0 visible clusters (0.00%)
Total clusters visible: 4450
Average clusters visible: 61
Building PAS...
Average clusters audible: 72
visdatasize:1877  compressed from 2304
writing c:\users\owner\documents\dropbox\public\game related\mapping\portal 2\generalmessaroundmap\mp_Faithplatefuntime.bsp
0 seconds elapsed



[Reading texlights from 'lights.rad']
[59 texlights parsed from 'lights.rad']

Loading c:\users\owner\documents\dropbox\public\game related\mapping\portal 2\generalmessaroundmap\mp_Faithplatefuntime.bsp
196 faces
14613 square feet [2104383.00 square inches]
0 Displacements
0 Square Feet [0.00 Square Inches]
196 patches before subdivision
2114 patches after subdivision
0 direct lights
0...1...2...3...4...5...6...7...8...9...100...1...2...3...4...5...6...7...8...9...10transfers 222822, max 280
transfer lists:   1.7 megs
0...1...2...3...4...5...6...7...8...9...10	Bounce #1 added RGB(0, 0, 0)
Build Patch/Sample Hash Table(s).....Done<0.0006 sec>
0...1...2...3...4...5...6...7...8...9...10FinalLightFace Done
0 of 0 (0% of) surface lights went in leaf ambient cubes.
0...1...2...3...4...5...6...7...8...9...10Writing leaf ambient...done
Ready to Finish

Object names       Objects/Maxobjs  Memory / Maxmem  Fullness 
------------       ---------------  ---------------  -------- 
models                   6/1024          288/49152    ( 0.6%) 
brushes                 36/8192          432/98304    ( 0.4%) 
brushsides             398/65536        3184/524288   ( 0.6%) 
planes                 640/65536       12800/1310720  ( 1.0%) 
vertexes               373/65536        4476/786432   ( 0.6%) 
nodes                  215/65536        6880/2097152  ( 0.3%) 
texinfos                46/12288        3312/884736   ( 0.4%) 
texdata                  7/2048          224/65536    ( 0.3%) 
dispinfos                0/0               0/0        ( 0.0%) 
disp_verts               0/0               0/0        ( 0.0%) 
disp_tris                0/0               0/0        ( 0.0%) 
disp_multiblend          0/0               0/0        ( 0.0%) 
disp_lmsamples           0/0               0/0        ( 0.0%) 
faces                  196/65536       10976/3670016  ( 0.3%) 
hdr faces                0/65536           0/3670016  ( 0.0%) 
origfaces               91/65536        5096/3670016  ( 0.1%) 
facebrushes             15/0              30/0        ( 0.0%) 
facebrushlists         196/0             784/0        ( 0.0%) 
leaves                 222/65536        7104/2097152  ( 0.3%) 
leaffaces              222/65536         444/131072   ( 0.3%) 
leafbrushes            176/65536         352/131072   ( 0.3%) 
areas                    2/256            16/2048     ( 0.8%) 
surfedges             1283/512000       5132/2048000  ( 0.3%) 
edges                  743/256000       2972/1024000  ( 0.3%) 
LDR worldlights          0/8192            0/819200   ( 0.0%) 
HDR worldlights          0/8192            0/819200   ( 0.0%) 
leafwaterdata            0/32768           0/393216   ( 0.0%) 
waterstrips              9/32768          90/327680   ( 0.0%) 
waterverts               0/65536           0/786432   ( 0.0%) 
waterindices           123/65536         246/131072   ( 0.2%) 
cubemapsamples           0/1024            0/16384    ( 0.0%) 
overlays                 0/512             0/180224   ( 0.0%) 
LDR lightdata         [variable]      175628/0        ( 0.0%) 
HDR lightdata         [variable]           0/0        ( 0.0%) 
visdata               [variable]        1877/16777216 ( 0.0%) 
entdata               [variable]        7446/393216   ( 1.9%) 
LDR ambient table      222/65536         888/262144   ( 0.3%) 
HDR ambient table      222/65536         888/262144   ( 0.3%) 
LDR leaf ambient       102/65536        2856/1835008  ( 0.2%) 
HDR leaf ambient       222/65536        6216/1835008  ( 0.3%) 
occluders                0/0               0/0        ( 0.0%) 
occluder polygons        0/0               0/0        ( 0.0%) 
occluder vert ind        0/0               0/0        ( 0.0%) 
detail props          [variable]           1/12       ( 8.3%) 
static props          [variable]           1/12       ( 8.3%) 
pakfile               [variable]       74478/0        ( 0.0%) 
physics               [variable]       14483/4194304  ( 0.3%) 
physics terrain       [variable]           2/1048576  ( 0.0%) 

Level flags = 0

Total triangle count: 527
Writing c:\users\owner\documents\dropbox\public\game related\mapping\portal 2\generalmessaroundmap\mp_Faithplatefuntime.bsp
0 seconds elapsed



materialPath: c:\program files (x86)\steam\steamapps\common\portal 2\portal2\materials
Loading C:\Users\Owner\Documents\Dropbox\Public\Game Related\Mapping\Portal 2\GeneralMessAroundMap\mp_Faithplatefuntime.vmf
ConVarRef gpu_level doesn't point to an existing ConVar
fixing up env_cubemap materials on brush sides...
0...1...2...3...4...5...6...7...8...9...10**** leaked ****
Entity logic_relay (-928.00 -176.56 1103.91) leaked!
Processing areas...done (0)
Building Faces...done (0)
Chop Details...done (0)
Find Visible Detail Sides...done (0)
Merging details...done (0)
FixTjuncs...
PruneNodes...
WriteBSP...
done (0)
Finding displacement neighbors...
Finding lightmap sample positions...
Displacement Alpha : 0...1...2...3...4...5...6...7...8...9...10
Building Physics collision data...
done (0) (24785 bytes)
Placing detail props : 0...1...2...3...4...5...6...7...8...9...10
Compacting texture/material tables...
Reduced 136 texinfos to 63
Reduced 7 texdatas to 7 (170 bytes to 170)
Writing C:\Users\Owner\Documents\Dropbox\Public\Game Related\Mapping\Portal 2\GeneralMessAroundMap\mp_Faithplatefuntime.bsp
0 seconds elapsed



4 threads
reading c:\users\owner\documents\dropbox\public\game related\mapping\portal 2\generalmessaroundmap\mp_Faithplatefuntime.bsp
reading c:\users\owner\documents\dropbox\public\game related\mapping\portal 2\generalmessaroundmap\mp_Faithplatefuntime.prt
LoadPortals: couldn't read c:\users\owner\documents\dropbox\public\game related\mapping\portal 2\generalmessaroundmap\mp_Faithplatefuntime.prt



materialPath: c:\program files (x86)\steam\steamapps\common\portal 2\portal2\materials
Loading C:\Users\Owner\Documents\Dropbox\Public\Game Related\Mapping\Portal 2\GeneralMessAroundMap\mp_Faithplatefuntime.vmf
ConVarRef gpu_level doesn't point to an existing ConVar
fixing up env_cubemap materials on brush sides...
0...1...2...3...4...5...6...7...8...9...10**** leaked ****
Entity logic_relay (-928.00 -176.56 1103.91) leaked!
Processing areas...done (0)
Building Faces...done (0)
Chop Details...done (0)
Find Visible Detail Sides...done (0)
Merging details...done (0)
FixTjuncs...
PruneNodes...
WriteBSP...
done (0)
Finding displacement neighbors...
Finding lightmap sample positions...
Displacement Alpha : 0...1...2...3...4...5...6...7...8...9...10
Building Physics collision data...
done (0) (24785 bytes)
Placing detail props : 0...1...2...3...4...5...6...7...8...9...10
Compacting texture/material tables...
Reduced 136 texinfos to 63
Reduced 7 texdatas to 7 (170 bytes to 170)
Writing C:\Users\Owner\Documents\Dropbox\Public\Game Related\Mapping\Portal 2\GeneralMessAroundMap\mp_Faithplatefuntime.bsp
0 seconds elapsed



4 threads
reading c:\users\owner\documents\dropbox\public\game related\mapping\portal 2\generalmessaroundmap\mp_Faithplatefuntime.bsp
reading c:\users\owner\documents\dropbox\public\game related\mapping\portal 2\generalmessaroundmap\mp_Faithplatefuntime.prt
LoadPortals: couldn't read c:\users\owner\documents\dropbox\public\game related\mapping\portal 2\generalmessaroundmap\mp_Faithplatefuntime.prt



materialPath: c:\program files (x86)\steam\steamapps\common\portal 2\portal2\materials
Loading C:\Users\Owner\Documents\Dropbox\Public\Game Related\Mapping\Portal 2\GeneralMessAroundMap\mp_Faithplatefuntime.vmf
ConVarRef gpu_level doesn't point to an existing ConVar
fixing up env_cubemap materials on brush sides...
0...1...2...3...4...5...6...7...8...9...10**** leaked ****
Entity logic_relay (-928.00 -176.56 1103.91) leaked!
Processing areas...done (0)
Building Faces...done (0)
Chop Details...done (0)
Find Visible Detail Sides...done (0)
Merging details...done (0)
FixTjuncs...
PruneNodes...
WriteBSP...
done (0)
Finding displacement neighbors...
Finding lightmap sample positions...
Displacement Alpha : 0...1...2...3...4...5...6...7...8...9...10
Building Physics collision data...
done (0) (24801 bytes)
Placing detail props : 0...1...2...3...4...5...6...7...8...9...10
Compacting texture/material tables...
Reduced 136 texinfos to 63
Reduced 7 texdatas to 7 (170 bytes to 170)
Writing C:\Users\Owner\Documents\Dropbox\Public\Game Related\Mapping\Portal 2\GeneralMessAroundMap\mp_Faithplatefuntime.bsp
0 seconds elapsed



4 threads
reading c:\users\owner\documents\dropbox\public\game related\mapping\portal 2\generalmessaroundmap\mp_Faithplatefuntime.bsp
reading c:\users\owner\documents\dropbox\public\game related\mapping\portal 2\generalmessaroundmap\mp_Faithplatefuntime.prt
LoadPortals: couldn't read c:\users\owner\documents\dropbox\public\game related\mapping\portal 2\generalmessaroundmap\mp_Faithplatefuntime.prt



materialPath: c:\program files (x86)\steam\steamapps\common\portal 2\portal2\materials
Loading C:\Users\Owner\Documents\Dropbox\Public\Game Related\Mapping\Portal 2\GeneralMessAroundMap\mp_Faithplatefuntime.vmf
ConVarRef gpu_level doesn't point to an existing ConVar
fixing up env_cubemap materials on brush sides...
0...1...2...3...4...5...6...7...8...9...10**** leaked ****
Entity ambient_generic (-976.00 -256.78 -300.51) leaked!
Processing areas...done (0)
Building Faces...done (0)
Chop Details...done (0)
Find Visible Detail Sides...done (0)
Merging details...done (0)
FixTjuncs...
PruneNodes...
WriteBSP...
done (0)
Finding displacement neighbors...
Finding lightmap sample positions...
Displacement Alpha : 0...1...2...3...4...5...6...7...8...9...10
Building Physics collision data...
done (0) (24649 bytes)
Placing detail props : 0...1...2...3...4...5...6...7...8...9...10
Compacting texture/material tables...
Reduced 136 texinfos to 63
Reduced 7 texdatas to 7 (170 bytes to 170)
Writing C:\Users\Owner\Documents\Dropbox\Public\Game Related\Mapping\Portal 2\GeneralMessAroundMap\mp_Faithplatefuntime.bsp
0 seconds elapsed



4 threads
reading c:\users\owner\documents\dropbox\public\game related\mapping\portal 2\generalmessaroundmap\mp_Faithplatefuntime.bsp
reading c:\users\owner\documents\dropbox\public\game related\mapping\portal 2\generalmessaroundmap\mp_Faithplatefuntime.prt
LoadPortals: couldn't read c:\users\owner\documents\dropbox\public\game related\mapping\portal 2\generalmessaroundmap\mp_Faithplatefuntime.prt



materialPath: c:\program files (x86)\steam\steamapps\common\portal 2\portal2\materials
Loading C:\Users\Owner\Documents\Dropbox\Public\Game Related\Mapping\Portal 2\GeneralMessAroundMap\mp_Faithplatefuntime.vmf
ConVarRef gpu_level doesn't point to an existing ConVar
fixing up env_cubemap materials on brush sides...
0...1...2...3...4...5...6...7...8...9...10**** leaked ****
Entity ambient_generic (-976.00 -256.78 -300.51) leaked!
Processing areas...done (0)
Building Faces...done (0)
Chop Details...done (0)
Find Visible Detail Sides...done (0)
Merging details...done (0)
FixTjuncs...
PruneNodes...
WriteBSP...
done (0)
Finding displacement neighbors...
Finding lightmap sample positions...
Displacement Alpha : 0...1...2...3...4...5...6...7...8...9...10
Building Physics collision data...
done (0) (24649 bytes)
Placing detail props : 0...1...2...3...4...5...6...7...8...9...10
Compacting texture/material tables...
Reduced 136 texinfos to 63
Reduced 7 texdatas to 7 (170 bytes to 170)
Writing C:\Users\Owner\Documents\Dropbox\Public\Game Related\Mapping\Portal 2\GeneralMessAroundMap\mp_Faithplatefuntime.bsp
0 seconds elapsed



4 threads
reading c:\users\owner\documents\dropbox\public\game related\mapping\portal 2\generalmessaroundmap\mp_Faithplatefuntime.bsp
reading c:\users\owner\documents\dropbox\public\game related\mapping\portal 2\generalmessaroundmap\mp_Faithplatefuntime.prt
LoadPortals: couldn't read c:\users\owner\documents\dropbox\public\game related\mapping\portal 2\generalmessaroundmap\mp_Faithplatefuntime.prt



materialPath: c:\program files (x86)\steam\steamapps\common\portal 2\portal2\materials
Loading C:\Users\Owner\Documents\Dropbox\Public\Game Related\Mapping\Source\Portal 2\GeneralMessAroundMap\mp_Faithplatefuntime.vmf
ConVarRef gpu_level doesn't point to an existing ConVar
fixing up env_cubemap materials on brush sides...
0...1...2...3...4...5...6...7...8...9...10**** leaked ****
Entity ambient_generic (-976.00 -256.78 -300.51) leaked!
Processing areas...done (0)
Building Faces...done (0)
Chop Details...done (0)
Find Visible Detail Sides...done (0)
Merging details...done (0)
FixTjuncs...
PruneNodes...
WriteBSP...
done (0)
Finding displacement neighbors...
Finding lightmap sample positions...
Displacement Alpha : 0...1...2...3...4...5...6...7...8...9...10
Building Physics collision data...
done (0) (24649 bytes)
Placing detail props : 0...1...2...3...4...5...6...7...8...9...10
Compacting texture/material tables...
Reduced 136 texinfos to 63
Reduced 7 texdatas to 7 (170 bytes to 170)
Writing C:\Users\Owner\Documents\Dropbox\Public\Game Related\Mapping\Source\Portal 2\GeneralMessAroundMap\mp_Faithplatefuntime.bsp
0 seconds elapsed



4 threads
reading c:\users\owner\documents\dropbox\public\game related\mapping\source\portal 2\generalmessaroundmap\mp_Faithplatefuntime.bsp
reading c:\users\owner\documents\dropbox\public\game related\mapping\source\portal 2\generalmessaroundmap\mp_Faithplatefuntime.prt
LoadPortals: couldn't read c:\users\owner\documents\dropbox\public\game related\mapping\source\portal 2\generalmessaroundmap\mp_Faithplatefuntime.prt
